Using pre-set license
Built from '2020.3/release' branch; Version is '2020.3.2f1 (8fd9074bf66c) revision 9427207'; Using compiler version '192528614'; Build Type 'Release'
OS: 'Windows 10 Pro; OS build 18363.1440; Version 1909; 64bit' Language: 'pt' Physical Memory: 8150 MB
BatchMode: 1, IsHumanControllingUs: 0, StartBugReporterOnCrash: 0, Is64bit: 1, IsPro: 0

 COMMAND LINE ARGUMENTS:
C:\Program Files\Unity\Editor\Unity.exe
-adb2
-batchMode
-noUpm
-name
AssetImportWorker0
-projectPath
C:/Users/Guilherme/Documents/GitHub/BluvTeam/Assets
-logFile
Logs/AssetImportWorker0.log
-srvPort
54505
Successfully changed project path to: C:/Users/Guilherme/Documents/GitHub/BluvTeam/Assets
C:/Users/Guilherme/Documents/GitHub/BluvTeam/Assets
Using Asset Import Pipeline V2.
Refreshing native plugins compatible for Editor in 27.19 ms, found 0 plugins.
Preloading 0 native plugins for Editor in 0.00 ms.
Initialize engine version: 2020.3.2f1 (8fd9074bf66c)
[Subsystems] Discovering subsystems at path C:/Program Files/Unity/Editor/Data/Resources/UnitySubsystems
[Subsystems] Discovering subsystems at path C:/Users/Guilherme/Documents/GitHub/BluvTeam/Assets/Assets
GfxDevice: creating device client; threaded=0
Direct3D:
    Version:  Direct3D 11.0 [level 11.1]
    Renderer: NVIDIA GeForce GTX 1050 Ti (ID=0x1c82)
    Vendor:   
    VRAM:     4018 MB
    Driver:   27.21.14.6109
Initialize mono
Mono path[0] = 'C:/Program Files/Unity/Editor/Data/Managed'
Mono path[1] = 'C:/Program Files/Unity/Editor/Data/MonoBleedingEdge/lib/mono/unityjit'
Mono config path = 'C:/Program Files/Unity/Editor/Data/MonoBleedingEdge/etc'
Using monoOptions --debugger-agent=transport=dt_socket,embedding=1,server=y,suspend=n,address=127.0.0.1:56176
Begin MonoManager ReloadAssembly
Registering precompiled unity dll's ...
Register platform support module: C:/Program Files/Unity/Editor/Data/PlaybackEngines/WindowsStandaloneSupport/UnityEditor.WindowsStandalone.Extensions.dll
Registered in 0.002099 seconds.
Native extension for WindowsStandalone target not found
Refreshing native plugins compatible for Editor in 25.32 ms, found 0 plugins.
Preloading 0 native plugins for Editor in 0.00 ms.
Invoked RoslynAnalysisRunner static constructor.
RoslynAnalysisRunner will not be running.
RoslynAnalysisRunner has terminated.
Mono: successfully reloaded assembly
- Completed reload, in  1.153 seconds
Platform modules already initialized, skipping
Registering precompiled user dll's ...
Registered in 0.000923 seconds.
Begin MonoManager ReloadAssembly
Native extension for WindowsStandalone target not found
Refreshing native plugins compatible for Editor in 0.21 ms, found 0 plugins.
Preloading 0 native plugins for Editor in 0.00 ms.
Invoked RoslynAnalysisRunner static constructor.
RoslynAnalysisRunner will not be running.
RoslynAnalysisRunner has terminated.
Mono: successfully reloaded assembly
- Completed reload, in  0.868 seconds
Platform modules already initialized, skipping
========================================================================
Worker process is ready to serve import requests
Launched and connected shader compiler UnityShaderCompiler.exe after 0.10 seconds
Refreshing native plugins compatible for Editor in 0.21 ms, found 0 plugins.
Preloading 0 native plugins for Editor in 0.00 ms.
Unloading 1115 Unused Serialized files (Serialized files now loaded: 0)
System memory in use before: 57.0 MB.
System memory in use after: 57.1 MB.

Unloading 9 unused Assets to reduce memory usage. Loaded Objects now: 1558.
Total: 2.131700 ms (FindLiveObjects: 0.166700 ms CreateObjectMapping: 0.066100 ms MarkObjects: 1.817100 ms  DeleteObjects: 0.080500 ms)

========================================================================
Received Import Request.
  path: Assets/Interface/voltarBranco.png
  artifactKey: Guid(8f1b2df7fb4b2f849bc39bfbba5e926e) Importer(815301076,1909f56bfc062723c751e8b465ee728b)
Start importing Assets/Interface/voltarBranco.png using Guid(8f1b2df7fb4b2f849bc39bfbba5e926e) Importer(815301076,1909f56bfc062723c751e8b465ee728b)  -> (artifact id: 'bac392cca378ff3d8df0fd4133297280') in 0.522717 seconds
  Import took 0.525013 seconds .

========================================================================
Received Import Request.
  Time since last request: 0.000250 seconds.
  path: Assets/Interface/musicBranco.png
  artifactKey: Guid(f7ae5d1203116b64a8d1db75542cfe5c) Importer(815301076,1909f56bfc062723c751e8b465ee728b)
Start importing Assets/Interface/musicBranco.png using Guid(f7ae5d1203116b64a8d1db75542cfe5c) Importer(815301076,1909f56bfc062723c751e8b465ee728b)  -> (artifact id: 'bd7e16df3b586c73cfd4ae3e818a5183') in 0.028900 seconds
  Import took 0.030756 seconds .

========================================================================
Received Import Request.
  Time since last request: 0.000304 seconds.
  path: Assets/Interface/playSele.png
  artifactKey: Guid(e9938553c32b828409fe774f532007f5) Importer(815301076,1909f56bfc062723c751e8b465ee728b)
Start importing Assets/Interface/playSele.png using Guid(e9938553c32b828409fe774f532007f5) Importer(815301076,1909f56bfc062723c751e8b465ee728b)  -> (artifact id: '169cba5b8b76ad59e68da718282b363f') in 0.019814 seconds
  Import took 0.021936 seconds .

========================================================================
Received Import Request.
  Time since last request: 0.000276 seconds.
  path: Assets/Interface/exit.png
  artifactKey: Guid(bde14d36c8c9e954f966ee4fea8346de) Importer(815301076,1909f56bfc062723c751e8b465ee728b)
Start importing Assets/Interface/exit.png using Guid(bde14d36c8c9e954f966ee4fea8346de) Importer(815301076,1909f56bfc062723c751e8b465ee728b)  -> (artifact id: 'e454eb9924cb55d4918758ac0bad431a') in 0.017112 seconds
  Import took 0.019197 seconds .

========================================================================
Received Import Request.
  Time since last request: 0.000065 seconds.
  path: Assets/Interface/FXvazado.png
  artifactKey: Guid(4e2ef071266d92742b59255a49674903) Importer(815301076,1909f56bfc062723c751e8b465ee728b)
Start importing Assets/Interface/FXvazado.png using Guid(4e2ef071266d92742b59255a49674903) Importer(815301076,1909f56bfc062723c751e8b465ee728b)  -> (artifact id: 'e50c576ff6b7b18205507aba4658d433') in 0.020327 seconds
  Import took 0.022891 seconds .

========================================================================
Received Import Request.
  Time since last request: 0.000285 seconds.
  path: Assets/Interface/play.png
  artifactKey: Guid(983ce80100d6a0a459c5effe4c19da39) Importer(815301076,1909f56bfc062723c751e8b465ee728b)
Start importing Assets/Interface/play.png using Guid(983ce80100d6a0a459c5effe4c19da39) Importer(815301076,1909f56bfc062723c751e8b465ee728b)  -> (artifact id: '436cbcac1ca5f8c71b3d2c0effd0ca82') in 0.018303 seconds
  Import took 0.020650 seconds .

========================================================================
Received Import Request.
  Time since last request: 0.000263 seconds.
  path: Assets/Models/wooden stool.obj
  artifactKey: Guid(6abcc1a444118c04f8cf39de09d66bbf) Importer(815301076,1909f56bfc062723c751e8b465ee728b)
Start importing Assets/Models/wooden stool.obj using Guid(6abcc1a444118c04f8cf39de09d66bbf) Importer(815301076,1909f56bfc062723c751e8b465ee728b)  -> (artifact id: 'aaed1c8a8916d1ef48c9d90fef2c8668') in 1.094305 seconds
  Import took 1.096488 seconds .

========================================================================
Received Import Request.
  Time since last request: 0.000264 seconds.
  path: Assets/Models/_Vzera.obj
  artifactKey: Guid(f01877bfb32849743b5a13de05130de3) Importer(815301076,1909f56bfc062723c751e8b465ee728b)
Start importing Assets/Models/_Vzera.obj using Guid(f01877bfb32849743b5a13de05130de3) Importer(815301076,1909f56bfc062723c751e8b465ee728b)  -> (artifact id: '4c32f81b8343a64973b9b9e839076f44') in 0.037105 seconds
  Import took 0.039085 seconds .

========================================================================
Received Import Request.
  Time since last request: 0.000243 seconds.
  path: Assets/Interface/exitSele.png
  artifactKey: Guid(d66becab4ed7c8548b9c883fb96310ce) Importer(815301076,1909f56bfc062723c751e8b465ee728b)
Start importing Assets/Interface/exitSele.png using Guid(d66becab4ed7c8548b9c883fb96310ce) Importer(815301076,1909f56bfc062723c751e8b465ee728b)  -> (artifact id: 'fada4f39d0437f77f6866ef92930b770') in 0.016686 seconds
  Import took 0.018655 seconds .

========================================================================
Received Import Request.
  Time since last request: 0.000272 seconds.
  path: Assets/Models/_V.obj
  artifactKey: Guid(a8c5d2ea8296f1b4e87c7a69337e50b6) Importer(815301076,1909f56bfc062723c751e8b465ee728b)
Start importing Assets/Models/_V.obj using Guid(a8c5d2ea8296f1b4e87c7a69337e50b6) Importer(815301076,1909f56bfc062723c751e8b465ee728b)  -> (artifact id: 'e8b2a618442d13a3af5cb51931829024') in 0.026155 seconds
  Import took 0.028056 seconds .

========================================================================
Received Import Request.
  Time since last request: 0.000265 seconds.
  path: Assets/Videos/EstaticaTv.flac
  artifactKey: Guid(8c8be361eb3281b4789e7e29bf8d55f0) Importer(815301076,1909f56bfc062723c751e8b465ee728b)
Start importing Assets/Videos/EstaticaTv.flac using Guid(8c8be361eb3281b4789e7e29bf8d55f0) Importer(815301076,1909f56bfc062723c751e8b465ee728b)  -> (artifact id: 'bcda33cd4dc20b79af3f3a0d9f757d2e') in 0.198957 seconds
  Import took 0.201029 seconds .

========================================================================
Received Import Request.
  Time since last request: 0.000277 seconds.
  path: Assets/Interface/opt.png
  artifactKey: Guid(4d21343c6146ebf45a015cab4c17ea26) Importer(815301076,1909f56bfc062723c751e8b465ee728b)
Start importing Assets/Interface/opt.png using Guid(4d21343c6146ebf45a015cab4c17ea26) Importer(815301076,1909f56bfc062723c751e8b465ee728b)  -> (artifact id: '939e76d5f8da76d67fc42988b5d64c88') in 0.017278 seconds
  Import took 0.019214 seconds .

========================================================================
Received Import Request.
  Time since last request: 0.000280 seconds.
  path: Assets/Interface/fundo.png
  artifactKey: Guid(e402c638267c59247b699429e4a4a845) Importer(815301076,1909f56bfc062723c751e8b465ee728b)
Start importing Assets/Interface/fundo.png using Guid(e402c638267c59247b699429e4a4a845) Importer(815301076,1909f56bfc062723c751e8b465ee728b)  -> (artifact id: 'a06505915991d746cdd3c01135ea0eee') in 0.030754 seconds
  Import took 0.032796 seconds .

========================================================================
Received Import Request.
  Time since last request: 0.000260 seconds.
  path: Assets/Materials/Tv.mat
  artifactKey: Guid(b72b930e30e11f74db9242b1c0caff44) Importer(815301076,1909f56bfc062723c751e8b465ee728b)
Start importing Assets/Materials/Tv.mat using Guid(b72b930e30e11f74db9242b1c0caff44) Importer(815301076,1909f56bfc062723c751e8b465ee728b)  -> (artifact id: '779776d619bc5e7b13fde41b8b54355c') in 0.135836 seconds
  Import took 0.137902 seconds .

========================================================================
Received Import Request.
  Time since last request: 0.000280 seconds.
  path: Assets/Materials/PretoFade.mat
  artifactKey: Guid(2fb64accea4486444bae39f4ea58ac64) Importer(815301076,1909f56bfc062723c751e8b465ee728b)
Start importing Assets/Materials/PretoFade.mat using Guid(2fb64accea4486444bae39f4ea58ac64) Importer(815301076,1909f56bfc062723c751e8b465ee728b)  -> (artifact id: 'b49511b6657fdb62eeb1359e8785c5df') in 0.014977 seconds
  Import took 0.016972 seconds .

========================================================================
Received Import Request.
  Time since last request: 0.000284 seconds.
  path: Assets/Interface/musicVazado.png
  artifactKey: Guid(a19905324aba22c4c9029d143b040cff) Importer(815301076,1909f56bfc062723c751e8b465ee728b)
Start importing Assets/Interface/musicVazado.png using Guid(a19905324aba22c4c9029d143b040cff) Importer(815301076,1909f56bfc062723c751e8b465ee728b)  -> (artifact id: 'c2ac3d73a653be211300d93cb596e108') in 0.019396 seconds
  Import took 0.021577 seconds .

========================================================================
Received Import Request.
  Time since last request: 0.000283 seconds.
  path: Assets/Interface/voltarVazado.png
  artifactKey: Guid(81be834f9d8c7f44494ea415d2ecce4e) Importer(815301076,1909f56bfc062723c751e8b465ee728b)
Start importing Assets/Interface/voltarVazado.png using Guid(81be834f9d8c7f44494ea415d2ecce4e) Importer(815301076,1909f56bfc062723c751e8b465ee728b)  -> (artifact id: 'e405fc1025ecacbaa30edad0a7337a6a') in 0.015318 seconds
  Import took 0.017355 seconds .

========================================================================
Received Import Request.
  Time since last request: 0.000289 seconds.
  path: Assets/Interface/FXBranco.png
  artifactKey: Guid(44fd90fbd32c16b499b9a51e958dabbf) Importer(815301076,1909f56bfc062723c751e8b465ee728b)
Start importing Assets/Interface/FXBranco.png using Guid(44fd90fbd32c16b499b9a51e958dabbf) Importer(815301076,1909f56bfc062723c751e8b465ee728b)  -> (artifact id: '7bedf3e40a2a267858897f4c616baefa') in 0.016731 seconds
  Import took 0.018640 seconds .

========================================================================
Received Import Request.
  Time since last request: 0.000217 seconds.
  path: Assets/Interface/optionSele.png
  artifactKey: Guid(a4ddf1eb2667f2044aafc04b62ba93c6) Importer(815301076,1909f56bfc062723c751e8b465ee728b)
Start importing Assets/Interface/optionSele.png using Guid(a4ddf1eb2667f2044aafc04b62ba93c6) Importer(815301076,1909f56bfc062723c751e8b465ee728b)  -> (artifact id: 'e587260357a34566083eb18eedcfc6ce') in 0.017942 seconds
  Import took 0.019972 seconds .

========================================================================
Received Import Request.
  Time since last request: 0.005923 seconds.
  path: Assets/Interface/optionSele.png
  artifactKey: Guid(a4ddf1eb2667f2044aafc04b62ba93c6) Importer(815301076,1909f56bfc062723c751e8b465ee728b)
Start importing Assets/Interface/optionSele.png using Guid(a4ddf1eb2667f2044aafc04b62ba93c6) Importer(815301076,1909f56bfc062723c751e8b465ee728b)  -> (artifact id: 'e587260357a34566083eb18eedcfc6ce') in 0.013137 seconds
  Import took 0.015520 seconds .

AssetImportWorkerClient::OnTransportError - code=2 error=End of file
